566
421 91
428 99511
434 455
494 1325
1213 651
1310 531
1335 99431
1681 1501
1686 1866
2154 97192
2286 2847
2426 2653
2914 2236
2979 96904
2981 96901
3395 83406
3410 83391
3500 83377
3693 82852
4009 7727
4156 4206
4288 7555
4352 7456
4539 4688
4740 4979
4871 4867
5078 4379
5287 5566
5567 7148
5623 5812
6263 5942
6813 5910
6975 5870
7185 4376
7283 7287
7565 4050
7729 3787
7845 3745
7848 7981
8177 81689
8281 9252
8431 8387
8473 9030
8581 8784
9066 8343
9602 81446
9698 81272
9720 81248
9814 9726
10239 10116
10462 16584
10798 10966
10995 10683
11149 11057
11182 15942
11183 15831
11256 15689
11295 15282
11314 14940
11416 11755
11451 11417
11752 11465
12322 13442
12460 12511
12690 12361
13085 12721
13293 12710
13502 12054
13556 12038
13884 13683
14298 13905
14687 14305
14706 12018
14795 11985
14808 11876
14852 11336
15278 15252
15291 15677
15365 15322
15967 10638
16035 10559
16061 16376
16391 10521
16544 10493
16735 10333
16928 10274
16932 17109
17198 10109
17236 81057
17280 80622
17317 80414
17326 80401
17337 18014
17636 17392
17678 17353
17737 17747
18509 18198
18523 18138
19009 18844
19128 19259
19278 79064
19327 19555
19654 78792
19798 75730
19907 75536
19970 75083
20230 75044
20573 20832
20893 20536
21002 20515
21082 73975
21113 21142
21166 21089
21532 21258
21556 23066
21616 21821
21900 22033
22071 22744
22339 22226
22705 22511
22862 21577
22970 21560
23086 21211
23393 23409
23421 23239
23462 73723
23480 72918
23683 72745
23733 72252
23816 72028
23822 71948
24158 26128
24416 24297
24434 25863
24597 24770
24783 24787
25073 25038
25199 25516
25405 25399
25602 25611
25678 24880
25726 24447
26106 24161
26206 24059
26295 26268
26303 23861
26723 47904
26746 26776
27056 47735
27106 47729
27138 47724
27639 27687
27723 47198
27864 47169
28013 27872
28094 47032
28144 28808
28154 28225
28364 28355
28562 28552
28818 46985
28922 28868
28992 29766
29110 29340
29289 29310
29708 29746
29807 28932
29930 46793
30005 45999
30073 45947
30245 30487
30545 45714
30614 30646
30776 30803
30812 30860
30942 30920
30959 30697
31118 38561
31304 37688
31357 37211
31557 37035
31786 31644
31793 31632
32008 34311
32144 34298
32201 33510
32403 33215
32493 33131
32661 33108
32680 33048
33316 32353
33422 32343
33580 32198
33905 33637
34167 34020
34260 34221
34303 32051
34317 31850
34410 36944
34415 36817
34600 34914
34682 34620
34755 34712
34795 34781
34963 34588
35273 34529
35661 35766
35797 35535
36127 35435
36156 35365
36337 35361
36459 34497
37198 31425
37513 31319
37607 31306
37692 37927
38066 31157
38082 38253
38427 38441
38459 31122
38625 38595
38669 38697
39177 45090
39196 45031
39459 43765
39502 43546
39520 43400
40093 39977
40162 39855
40169 39741
40259 42469
40418 40281
40661 40541
40892 40724
40997 40488
41294 41016
41396 41832
41601 41566
41874 42388
42359 42005
42460 41850
42490 43348
42514 43266
42524 42946
42938 42575
43790 39294
44118 43889
44189 44375
44822 44991
44995 44442
45014 43858
45024 39291
45121 39082
45447 39026
45552 38985
45667 30656
45928 30160
46118 29958
46355 29955
46444 46383
46619 46458
46767 46637
46980 29865
47200 27279
47324 27184
47444 47336
47616 47510
47812 47736
47814 26878
47943 48119
48187 26652
48326 48223
48395 26615
48471 70958
48643 49303
48851 48706
49084 48983
49396 48546
49477 70911
49707 49700
50028 50423
50263 50031
50793 50574
50850 49777
50903 51302
50922 51251
51471 49641
51513 52197
51754 51996
52154 51587
52305 49634
52461 49626
52509 53101
53077 52560
53236 49556
53247 49534
53378 53695
53890 53748
53891 70599
53974 53983
54147 70598
54228 70434
54603 70289
54670 54826
55086 69763
55309 69574
55662 55751
55812 55545
56294 56329
56339 56746
56786 56118
57124 57201
57252 56061
57271 55944
57302 58785
57557 58465
57591 58203
58178 57657
58374 58289
58449 57588
58537 57528
58551 57385
58801 55901
59045 59181
59191 59284
59333 61830
59379 61771
59432 61430
59435 61427
59458 59518
59649 59795
59783 59708
60163 60267
60314 59923
60669 59868
60687 60833
60821 60695
60987 60679
61013 61141
61142 61420
61288 61278
61515 61673
61969 59326
62096 58961
62276 55874
62352 63469
62947 62683
63364 62486
63410 62369
63606 55855
63630 63757
63795 55544
63832 55514
63911 69545
64466 64091
64521 64028
64843 64742
64941 64952
64963 68696
65019 65059
65228 67223
65246 67153
65270 66779
65362 66342
65661 66133
65736 65797
66054 66047
66363 65355
66372 66757
66521 66650
66956 66969
67049 67086
67136 66896
67238 68611
67252 68198
67442 67467
67672 67540
67843 67388
68002 67848
68094 67311
68423 68273
68781 64719
69001 68942
69009 64652
69060 69427
69447 69024
69476 64556
69605 55148
69730 69692
69866 54938
69919 54936
70136 54666
70350 70291
70390 54247
70436 70569
70699 53744
70729 53376
70766 70809
70907 53310
70960 26452
71081 26309
71162 23848
71245 71513
71583 71244
72054 72157
72215 23782
72265 72607
72762 23652
72963 73446
73078 73229
73648 73498
73684 23477
73792 23185
73924 23139
74004 20315
74025 20313
74046 74808
74075 74376
74337 74278
74520 74382
74746 74705
75060 20190
75147 19947
75629 75697
75863 75849
75882 78162
76005 77944
76347 76713
76612 76538
76663 76511
76799 76086
76852 76059
76901 77772
76908 77390
76946 77373
77059 77220
77524 77461
77559 77710
77796 77937
78186 75870
78194 78345
78661 75832
78709 75776
78804 19581
79011 78994
79033 78832
79100 18588
79269 18543
79273 79818
79761 79620
79780 79386
80017 79972
80081 79931
80115 80297
80312 18020
80355 80395
80581 80423
80770 80950
81095 10024
81235 9843
81346 81285
81608 9495
81670 9457
81843 81798
82070 82062
82315 81764
82399 82640
82697 82390
82713 81694
82809 8169
82844 3743
83071 82927
83076 3621
83089 83291
83456 96382
83602 94455
83690 83625
83848 94092
84021 85484
84248 84432
84627 84164
84772 84741
84818 84898
84899 84092
85325 85124
85373 84091
85432 84040
85814 85890
86080 86044
86230 86111
86235 85573
86278 93987
86360 93059
86534 86580
86771 86686
87016 86675
87022 88029
87115 88019
87131 87754
87262 87177
87918 88017
88327 88052
88392 88526
88555 86615
88572 90411
88673 88590
88751 89034
88795 88952
89211 89381
89418 90359
89557 89798
89786 89745
90085 89804
90153 89464
90424 92843
90439 92723
90446 92579
90703 91891
90772 90775
90903 90706
90970 91588
91172 91215
91257 90982
91342 91283
92066 91991
92099 90493
92149 92496
92939 88568
93012 86439
93133 86294
93519 93461
93611 93357
93716 93942
93978 93620
94042 83893
94115 83770
94735 94627
94852 95185
95059 95176
95267 96194
95469 95363
95476 95504
95669 95998
96048 95524
96281 94785
96291 83521
96543 3301
96617 3165
96634 3074
97167 96921
97534 97478
97806 97688
97952 97571
97963 98356
98548 97473
98605 97447
98700 97424
99062 99046
99068 97199
99087 99095
99100 2092
99109 2074
99113 1360
99168 99249
99713 64
99889 29
