609
1 3221
226 3018
265 3005
460 2969
463 813
522 631
825 2808
904 2769
997 2633
1047 2622
1184 2500
1253 2128
1304 1589
1714 2036
1817 2001
2455 2478
2894 2962
3335 3474
3529 119988
3581 119913
3708 119843
3856 119483
3927 4133
4169 119418
4213 113447
4311 4500
4589 113393
4727 112919
4748 112849
4785 4950
5085 57951
5115 57818
5211 57791
5226 57607
5348 8717
5367 5813
5527 5614
5899 8658
5910 7496
6152 7435
6306 7234
6386 6592
6719 7231
7542 7840
7988 8547
8026 8471
8097 8222
8227 8355
8812 57476
8835 57408
8952 57353
9117 57294
9254 57209
9452 57088
9475 56953
9626 56106
9715 10057
9897 10007
10143 56050
10172 55956
10373 55868
10404 10857
11107 15223
11111 15189
11177 15174
11314 15167
11369 15056
11372 11430
11440 13443
11590 13013
11611 12869
11627 12527
11669 11764
11872 12508
12118 12457
12201 12425
12964 12982
13076 13125
13191 13222
13369 13386
13453 14832
13532 14298
13561 13624
13668 13966
14342 14549
14690 14704
15270 55827
15299 17168
15303 15492
15505 17167
15711 17125
15778 16428
15799 16423
15868 16357
16566 16666
17201 55636
17374 55270
17457 55243
17459 17712
17486 17680
17717 17793
18021 55212
18034 55126
18065 54964
18150 18346
18471 54633
18502 54569
18618 54516
18715 54360
18733 54165
18828 54135
18872 54065
18927 54027
19130 53865
19136 53763
19190 53427
19236 53410
19286 53362
19301 53275
19345 19411
19636 53197
19656 53026
19668 52556
19743 52510
19795 52207
19838 52107
19948 20002
20117 51616
20149 51604
20170 51302
20218 48901
20238 20999
20432 20462
20512 20915
20535 20765
21017 48900
21079 48828
21246 47447
21290 46548
21365 45868
21375 45468
21377 22348
21382 21543
21633 22203
21640 22153
21704 21871
22214 22336
22351 23817
22414 23662
22419 23384
22486 22887
22899 23293
23848 45330
23914 44848
23918 44801
23927 24256
24307 24357
24449 44768
24481 24553
24747 44751
24818 27803
24920 24965
25143 27784
25185 27745
25192 27610
25206 26788
25279 25575
25383 25558
25398 25470
25656 26512
25753 26388
25782 25859
26513 26719
26868 27172
26886 27160
27420 27574
27840 31711
27880 30700
27882 28213
28274 28427
28430 30664
28448 30443
28449 30370
28488 30296
28578 30222
28593 29504
28765 28869
28975 29502
29156 29240
29555 30073
29605 29752
30086 30148
30833 31690
30852 31318
31009 31252
31415 31549
31713 44649
31885 44587
32043 44448
32127 43592
32237 43188
32278 43173
32342 33831
32413 33727
32561 33583
32961 33519
33216 33417
33834 42781
33837 34767
33854 34235
34280 34422
34805 42742
34829 42724
34879 34957
35188 42429
35262 42395
35322 42259
35356 42227
35463 37361
35468 37293
35619 37137
35625 36498
35709 36292
35861 36060
36563 36913
36625 36739
37461 42160
37469 42083
37485 41813
37557 41707
37697 40987
37714 39017
37822 38091
37876 37929
37953 38011
38109 38766
38119 38661
38277 38316
38931 38947
39101 40918
39287 40911
39310 39558
39643 40479
39721 40438
39751 40224
39989 40195
40805 40859
41007 41188
41194 41640
41210 41549
42854 43169
42932 42963
43120 43140
43675 44375
43825 44208
43905 43973
44344 44372
44465 44579
45009 45142
45558 45867
46002 46487
46139 46358
46615 47374
46696 47157
46805 47053
47491 48807
47644 48725
47731 48096
48106 48643
48272 48552
48977 50112
49207 49432
49527 50029
49552 49931
49840 49852
50150 50154
50243 51150
50358 51044
50519 50906
50612 50880
50623 50700
51678 52101
51703 51766
51791 52079
51859 52077
52580 52637
53042 53109
53428 53506
53868 53889
55287 55464
56201 56795
56299 56773
56353 56581
57666 57733
58002 112813
58015 112712
58103 58456
58555 112356
58564 112335
58725 112178
58741 112177
58794 111822
58817 63599
58830 63375
58843 63309
58884 63222
58950 59307
58988 59162
59318 62529
59337 59537
59551 62374
59662 60170
59815 60078
60294 61872
60383 61850
60482 60781
60908 61792
60920 61610
60936 61313
61166 61181
61957 62231
62532 62963
62789 62871
63664 111721
63735 101379
63784 100087
63789 63854
63878 100055
63934 100028
64021 99622
64031 64139
64157 99512
64270 99347
64403 64624
64442 64591
64673 64951
64858 64911
65130 98306
65155 98277
65198 98195
65212 98181
65259 98120
65311 96810
65454 96721
65475 96679
65499 95899
65592 65913
65605 65765
65816 65888
65933 95897
66037 95895
66205 95793
66231 66245
66318 95618
66338 95577
66475 95431
66488 95048
66511 66568
66595 72571
66640 67437
66749 67434
66933 67403
67090 67386
67613 72471
67699 71734
67862 71697
67941 68066
68083 68535
68263 68503
68294 68499
68350 68457
68561 71430
68573 68936
68956 69880
68974 69115
69138 69879
69204 69231
69251 69330
69381 69429
69585 69694
69945 70100
70107 71423
70143 71332
70211 71217
70367 70418
70559 71195
70752 71034
71777 72447
71914 72343
72607 94998
72643 94907
72714 94718
72986 94603
73180 94543
73200 94497
73218 75871
73316 73438
73445 73919
73483 73633
73923 74273
73967 74121
74303 75774
74345 75769
74441 75561
74495 75386
74546 75086
74696 75065
74888 74916
75978 76448
76200 76283
76338 76392
76460 94287
76516 94278
76548 93058
76579 92934
76580 92702
76757 78173
76813 77387
76888 77064
77431 78165
77588 78155
77622 78141
78240 92667
78249 92370
78368 78383
78457 92300
78517 78725
78622 78667
78744 92139
78775 92091
78824 79500
78861 78996
79044 79499
79087 79441
79547 92004
79570 90978
79645 79806
79953 90946
79998 90693
80055 90599
80058 90577
80240 90515
80344 90450
80347 80399
80540 90360
80704 81693
80748 81144
80832 80852
80894 81086
81364 81525
81748 81864
81872 90346
81921 90322
81940 90020
82011 82467
82122 82203
82536 89846
82539 89832
82544 83211
82674 83023
83062 83170
83436 89471
83437 89401
83462 88376
83541 88301
83831 83977
84224 87460
84265 87445
84287 86913
84375 85862
84493 85284
84499 85100
84520 84992
84553 84931
84672 84681
85515 85660
85912 86709
86040 86042
86078 86238
86290 86701
86554 86559
86946 87377
87163 87361
87525 88295
87563 88288
87672 87925
87752 87916
88012 88144
88188 88201
88430 88916
89024 89117
89579 89654
89691 89803
89930 89958
90725 90779
91072 91816
91179 91206
91240 91767
91645 91747
92146 92185
92402 92655
92407 92594
92758 92909
92842 92907
93146 93316
93438 93785
93795 94061
93825 94009
94130 94276
95207 95241
95255 95304
95685 95774
96858 97988
96922 97764
97021 97758
98462 99297
98507 99271
98595 99005
98684 98914
99082 99122
99634 99914
100226 101129
100245 100498
100313 100458
100539 100640
100674 101107
101443 111694
101491 101623
101627 111596
101721 111520
101740 110553
101772 101794
101902 110508
102035 110507
102045 102668
102210 102437
102718 110267
102720 103168
103195 110222
103377 103479
103699 103843
103707 103839
103908 110169
103983 110081
104061 109882
104222 109841
104238 109716
104310 109703
104382 109585
104597 104603
104662 104859
104961 109547
105091 109427
105109 109244
105128 107125
105521 106788
105586 106758
105612 106615
105628 105726
105758 106074
105901 105969
106090 106167
106353 106556
106929 106953
107196 109234
107250 109104
107560 109020
107698 108975
107702 108894
107711 108418
108054 108366
108497 108587
110238 110263
110619 111110
110718 110994
111242 111362
111390 111519
111853 112107
112472 112621
112962 113374
113066 113210
113230 113373
113502 119324
113602 119201
113679 118875
113770 118860
113808 118777
113860 118659
114007 118427
114113 114334
114352 114375
114469 114677
114726 118287
114821 118031
114885 117735
115054 117643
115202 117519
115207 115340
115341 117128
115358 116987
115453 115892
116068 116582
116085 116373
116691 116901
116710 116876
118139 118283
118973 119059
119248 119291
119954 119969
