609
226 3018
265 3005
460 2969
631 522
813 463
1589 1304
1714 2036
1817 2001
2128 1253
2455 2478
2500 1184
2622 1047
2633 997
2769 904
2808 825
2962 2894
3221 1
3474 3335
3529 119988
3708 119843
3856 119483
4133 3927
4169 119418
4311 4500
4589 113393
4727 112919
4950 4785
5348 8717
5614 5527
5813 5367
5899 8658
6152 7435
6386 6592
7231 6719
7234 6306
7496 5910
7542 7840
8026 8471
8222 8097
8227 8355
8547 7988
8835 57408
9254 57209
9452 57088
9475 56953
9626 56106
9897 10007
10057 9715
10143 56050
10857 10404
11107 15223
11111 15189
11177 15174
11369 15056
11430 11372
11627 12527
11764 11669
11872 12508
12118 12457
12425 12201
12869 11611
12964 12982
13013 11590
13076 13125
13191 13222
13386 13369
13443 11440
13532 14298
13624 13561
13668 13966
14549 14342
14704 14690
14832 13453
15167 11314
15492 15303
15505 17167
15711 17125
15778 16428
15868 16357
16423 15799
16566 16666
17168 15299
17201 55636
17680 17486
17712 17459
17717 17793
18065 54964
18150 18346
18733 54165
18828 54135
18872 54065
18927 54027
19130 53865
19136 53763
19236 53410
19286 53362
19411 19345
19636 53197
19668 52556
19743 52510
19838 52107
19948 20002
20170 51302
20238 20999
20462 20432
20512 20915
20765 20535
21017 48900
21079 48828
21365 45868
21375 45468
21377 22348
21543 21382
21633 22203
21640 22153
21871 21704
22214 22336
22351 23817
22414 23662
22486 22887
22899 23293
23384 22419
23848 45330
23914 44848
23918 44801
24256 23927
24307 24357
24449 44768
24481 24553
24747 44751
24818 27803
24920 24965
25143 27784
25279 25575
25383 25558
25470 25398
25656 26512
25782 25859
26388 25753
26513 26719
26788 25206
27160 26886
27172 26868
27574 27420
27610 25192
27745 25185
27840 31711
27882 28213
28427 28274
28449 30370
28488 30296
28593 29504
28765 28869
28975 29502
29156 29240
29555 30073
29752 29605
30086 30148
30222 28578
30443 28448
30664 28430
30700 27880
31009 31252
31318 30852
31549 31415
31690 30833
31885 44587
32127 43592
32342 33831
32413 33727
32961 33519
33417 33216
33583 32561
33834 42781
34235 33854
34280 34422
34767 33837
34829 42724
34879 34957
35356 42227
35463 37361
35625 36498
35861 36060
36292 35709
36563 36913
36625 36739
37137 35619
37293 35468
37485 41813
37557 41707
37714 39017
37822 38091
37876 37929
37953 38011
38109 38766
38316 38277
38661 38119
38931 38947
39101 40918
39558 39310
39721 40438
39989 40195
40224 39751
40479 39643
40859 40805
40911 39287
40987 37697
41007 41188
41210 41549
41640 41194
42083 37469
42160 37461
42259 35322
42395 35262
42429 35188
42742 34805
42963 42932
43140 43120
43169 42854
43173 32278
43188 32237
43905 43973
44208 43825
44344 44372
44375 43675
44448 32043
44579 44465
44649 31713
45142 45009
45867 45558
46358 46139
46487 46002
46548 21290
46615 47374
47053 46805
47157 46696
47447 21246
47644 48725
48096 47731
48272 48552
48643 48106
48807 47491
48901 20218
49207 49432
49840 49852
49931 49552
50029 49527
50112 48977
50150 50154
50243 51150
50519 50906
50612 50880
50700 50623
51044 50358
51604 20149
51616 20117
51678 52101
51766 51703
52077 51859
52079 51791
52207 19795
52580 52637
53026 19656
53042 53109
53275 19301
53427 19190
53506 53428
53868 53889
54360 18715
54516 18618
54569 18502
54633 18471
55126 18034
55212 18021
55243 17457
55270 17374
55464 55287
55827 15270
55868 10373
55956 10172
56201 56795
56299 56773
56353 56581
57294 9117
57353 8952
57476 8812
57607 5226
57733 57666
57791 5211
57818 5115
57951 5085
58002 112813
58015 112712
58103 58456
58564 112335
58794 111822
58817 63599
58950 59307
58988 59162
59537 59337
59662 60170
59815 60078
60294 61872
60482 60781
60908 61792
60920 61610
61181 61166
61313 60936
61850 60383
62231 61957
62374 59551
62529 59318
62871 62789
62963 62532
63222 58884
63309 58843
63375 58830
63664 111721
63735 101379
63854 63789
64021 99622
64139 64031
64157 99512
64270 99347
64442 64591
64624 64403
64858 64911
64951 64673
65198 98195
65259 98120
65499 95899
65605 65765
65816 65888
65913 65592
65933 95897
66037 95895
66245 66231
66475 95431
66511 66568
66595 72571
66933 67403
67090 67386
67434 66749
67437 66640
67613 72471
67699 71734
67862 71697
67941 68066
68350 68457
68499 68294
68503 68263
68535 68083
68573 68936
68956 69880
68974 69115
69138 69879
69231 69204
69251 69330
69429 69381
69585 69694
70100 69945
70418 70367
70752 71034
71195 70559
71217 70211
71332 70143
71423 70107
71430 68561
71777 72447
72343 71914
72714 94718
73180 94543
73200 94497
73218 75871
73316 73438
73633 73483
73919 73445
73923 74273
73967 74121
74345 75769
74495 75386
74546 75086
74696 75065
74916 74888
75561 74441
75774 74303
76200 76283
76392 76338
76448 75978
76579 92934
76580 92702
76888 77064
77387 76813
77588 78155
77622 78141
78165 77431
78173 76757
78249 92370
78383 78368
78457 92300
78622 78667
78725 78517
78775 92091
78824 79500
78996 78861
79044 79499
79087 79441
79806 79645
80240 90515
80344 90450
80399 80347
80540 90360
80852 80832
80894 81086
81144 80748
81364 81525
81693 80704
81864 81748
81872 90346
82122 82203
82467 82011
82536 89846
82539 89832
82544 83211
82674 83023
83062 83170
83436 89471
83437 89401
83541 88301
83977 83831
84375 85862
84520 84992
84681 84672
84931 84553
85100 84499
85284 84493
85660 85515
86042 86040
86078 86238
86559 86554
86701 86290
86709 85912
86913 84287
87163 87361
87377 86946
87445 84265
87460 84224
87525 88295
87752 87916
87925 87672
88012 88144
88188 88201
88288 87563
88376 83462
88430 88916
89024 89117
89579 89654
89803 89691
89958 89930
90020 81940
90322 81921
90577 80058
90599 80055
90693 79998
90779 90725
90946 79953
90978 79570
91206 91179
91240 91767
91645 91747
91816 91072
92004 79547
92139 78744
92185 92146
92407 92594
92655 92402
92667 78240
92842 92907
92909 92758
93058 76548
93146 93316
93438 93785
93825 94009
94061 93795
94130 94276
94278 76516
94287 76460
94603 72986
94907 72643
94998 72607
95048 66488
95207 95241
95255 95304
95577 66338
95618 66318
95685 95774
95793 66205
96679 65475
96721 65454
96810 65311
96858 97988
97021 97758
97764 96922
98181 65212
98277 65155
98306 65130
98462 99297
98914 98684
99005 98595
99122 99082
99271 98507
99914 99634
100028 63934
100055 63878
100087 63784
100313 100458
100498 100245
100539 100640
101107 100674
101129 100226
101491 101623
101627 111596
101721 111520
101740 110553
101794 101772
102035 110507
102437 102210
102668 102045
102718 110267
102720 103168
103479 103377
103707 103839
103843 103699
103983 110081
104061 109882
104222 109841
104238 109716
104310 109703
104382 109585
104603 104597
104662 104859
104961 109547
105109 109244
105521 106788
105726 105628
105758 106074
105901 105969
106167 106090
106556 106353
106615 105612
106758 105586
106953 106929
107125 105128
107560 109020
108054 108366
108418 107711
108497 108587
108894 107702
108975 107698
109104 107250
109234 107196
109427 105091
110169 103908
110222 103195
110263 110238
110508 101902
110718 110994
111110 110619
111362 111242
111390 111519
111694 101443
112107 111853
112177 58741
112178 58725
112356 58555
112621 112472
112849 4748
112962 113374
113210 113066
113373 113230
113447 4213
113502 119324
113602 119201
113770 118860
114007 118427
114113 114334
114352 114375
114677 114469
114885 117735
115340 115207
115358 116987
115453 115892
116068 116582
116085 116373
116710 116876
116901 116691
117128 115341
117519 115202
117643 115054
118031 114821
118139 118283
118287 114726
118659 113860
118777 113808
118875 113679
119059 118973
119291 119248
119913 3581
119954 119969
