753
89 17974
231 6123
294 428
871 943
1068 957
1363 516
2038 2708
2578 2139
2839 1833
2896 1713
3147 2917
3210 3199
3424 5666
3563 5642
4459 4354
4523 4760
5190 4972
5421 4491
5544 4106
5576 3762
5580 3674
5732 1685
6041 1567
6054 1526
6121 1426
6130 7192
6206 6434
6474 6867
6528 6853
7662 7560
7699 221
7733 17897
7751 17760
7775 9907
7868 9856
7920 9804
8152 8221
8381 8491
8532 8128
8933 8777
8951 8072
9520 9163
10243 16854
10250 10961
10523 10592
10656 10849
11012 16815
11104 12157
11131 11184
11543 11633
11884 11502
12130 11450
12206 12240
12289 16782
12386 16580
12519 16522
12544 14457
12678 13937
12698 13020
13320 13285
13419 13404
13460 13644
13863 13932
14278 13967
14362 14349
14774 16220
14784 14993
15103 15130
15253 15550
15488 15301
16165 15194
16234 14751
16465 14711
16591 16683
17052 10089
17159 9978
17185 17329
17493 17396
17658 9952
17752 9941
18063 179804
18252 18164
18272 179681
18806 18413
18959 179593
19046 22183
19312 22046
19341 21916
19514 19575
19599 19946
20227 20247
20870 20437
20951 20308
21123 20198
21153 21191
21197 21498
21764 19593
21838 19488
22422 179552
22454 22723
22824 23801
22935 23761
22981 23324
23256 22988
23545 23735
23666 23626
24104 23873
24268 22726
24395 179417
24432 178821
24438 178809
24862 24585
25139 24517
25236 176645
25272 176604
25342 176555
25484 25536
25622 25699
26271 26266
26677 26374
26768 175540
26814 29655
26845 29648
27082 27524
27214 27519
27586 28179
27673 27715
28098 27897
28270 27564
28854 26927
28910 29291
29301 29503
30010 30345
30530 29839
30577 29768
30792 30791
31131 31047
31192 31143
31269 173683
31478 173029
31701 31637
31784 32018
31946 31837
32020 169945
32067 169828
32622 68395
32645 32964
32703 32687
33166 33350
33415 33092
33517 32974
33847 66659
33956 34102
34735 34207
34795 65778
34959 37346
35195 35603
35454 35236
35606 36973
35747 35625
36050 36595
36477 36376
36724 36799
37115 35137
37424 34946
37430 65769
37497 65499
37536 65456
37630 62098
37674 61576
37747 39637
37981 39097
38241 38171
38259 38481
38881 38648
39036 38121
39159 37831
39902 37742
40272 61185
40368 61160
40380 60350
40487 40863
41232 44509
41528 41292
42383 42091
42454 41537
42749 43019
43218 43686
43352 43682
43538 43375
43821 43766
44055 43051
44292 42555
44510 41170
44566 41052
44587 59378
44716 45007
45050 59265
45199 58549
45311 58453
45425 56517
45548 56359
45558 45742
45791 46660
46082 45805
46376 46490
46525 46147
46682 46809
46949 56206
47200 46991
47278 55905
47664 47623
47775 55645
48332 54419
48471 53971
48644 50731
48809 48761
49026 50239
49288 50061
49467 49610
50102 49134
50603 50468
50777 48478
51104 53917
51106 53778
51388 51383
51624 51542
51797 51802
51928 51413
52146 53459
52194 52193
52245 52721
52415 52287
52564 52623
53210 52808
53652 52039
53773 51287
53965 50826
54499 48202
54525 54957
54712 54535
55202 55162
55306 48178
55582 47842
55808 47341
55891 55841
55986 56118
56282 46897
56499 45541
56726 56551
56946 56536
57662 45320
57740 58004
57963 57769
58008 58397
58621 58579
59031 58880
59219 45183
59468 41022
59529 59473
59684 41010
59717 40389
59742 60066
60218 60224
60409 60911
60417 60415
61321 40156
61481 40078
61527 37694
62335 63639
62418 62445
62639 62754
63241 62537
63768 62307
63896 64842
63995 64628
64167 64501
64867 65022
65039 63774
65132 62210
65787 33869
66025 65811
66095 66579
66419 66289
66815 66985
67195 67615
67603 67205
67710 66722
67820 66720
67833 68087
68132 33807
68216 68252
68291 33734
68578 68406
68948 32519
69049 32277
69055 32148
69419 169419
69459 71728
70032 70831
70630 70620
70850 71363
70873 71303
71381 69999
71553 69710
71652 69550
72041 169079
72107 72211
72451 73558
72727 73451
72761 73200
72768 73063
73569 73562
73607 168949
73852 167825
73950 167816
73978 167616
74195 167316
74204 103336
74226 80072
74458 80069
74716 74688
74769 78456
74824 77773
74987 74866
75512 75430
75605 77589
75823 77199
76078 76362
76629 76473
76641 77121
77196 75890
77299 77271
77771 75535
77783 74808
78036 78260
78822 78681
78944 79581
79738 78920
80053 74687
80131 80458
80524 103293
81052 102338
81361 102081
81412 81773
81530 81636
81966 102061
82122 81992
82432 82240
83139 93339
83173 92940
83600 92556
83997 92497
84024 92491
84158 92386
84221 84408
84713 90415
84988 90349
85197 85285
85467 85001
85520 85502
85712 89879
85867 87725
85938 87543
86802 86294
86816 86881
86945 86036
87009 87532
87308 87010
87969 88786
88080 88153
88259 88773
88370 88309
88497 88767
88778 87988
88815 85853
89393 89406
89628 89330
89692 89791
89834 89114
89858 88990
90013 85469
90438 84519
90499 84187
91445 90746
91741 92034
92166 91497
92369 90680
92529 83769
92596 83526
92645 83420
92804 83361
92983 93178
93009 93095
93382 93492
93552 93361
93639 83127
93651 94429
93877 93900
94658 83016
94704 82966
94880 95303
95317 94854
95384 82582
95396 82238
95537 82236
95859 82180
95882 101994
95981 101941
96069 101687
96151 101252
96282 99067
96348 96552
96699 96316
96755 98985
96778 97014
97015 98215
97352 97336
97480 97614
98013 97754
98030 97200
98722 98537
98746 98966
99416 99346
99444 99852
99860 101205
99926 101040
100426 100039
100489 100936
100578 100719
101014 101023
101141 99920
101516 96110
101876 96013
102306 81085
102351 81046
102507 80702
102515 80700
102736 102832
103164 80649
103239 80596
103566 167214
103767 166706
103867 130870
103903 103901
104081 104008
104203 130775
104555 105605
104586 105488
104763 104997
105137 105401
105403 104619
105494 105516
105802 127970
105941 127833
106142 127435
106456 106496
106937 113713
106955 113166
107313 107244
107394 110948
108029 108028
108110 108193
108469 110590
108939 108574
109137 109499
109513 110173
109983 109708
110204 109109
110213 108475
110686 108220
110709 107917
110793 107740
110812 107577
111237 112130
111278 111651
111391 111596
112021 112103
112178 111155
112444 112338
112450 111075
112628 107162
113032 107082
113072 107011
113961 117684
114175 116628
114356 116022
114379 115928
115037 114672
115218 114399
115402 115705
115439 115486
116055 114215
116271 116530
117034 116908
117450 117170
117506 116873
117723 113828
117751 106926
117773 106817
118019 106534
118128 106502
118731 118183
118938 126719
118955 126543
118966 119495
119243 118992
120039 120655
120198 120488
120577 120185
120630 120176
120958 125558
121078 125475
121206 123459
121279 121360
121539 121944
122002 123179
122067 122153
123132 122897
123161 122161
123238 123213
123415 121230
123653 125378
123758 124255
124547 124761
124855 123684
125928 126003
126042 125600
126110 120772
126155 119953
126325 119910
126429 119871
126537 119743
126839 118833
126901 127124
127161 118816
127204 118745
127291 106358
127317 106356
127404 127341
128182 105702
128272 104421
128465 104273
128609 104246
128766 129015
129086 129155
129180 130709
129483 130440
129734 129933
129736 129902
130071 129974
130419 130283
130569 129250
130738 128673
130935 103785
131070 166685
131186 166625
131260 166616
131315 166470
131411 131328
131837 131547
132754 131957
132926 131842
133223 159232
133293 158503
133339 158434
134041 133513
134074 133429
134179 134104
134267 136118
134660 135945
134784 134852
134956 134948
135503 135324
135824 135250
135841 134925
136482 136573
136682 158120
136874 157614
136924 137998
137075 137202
137375 137802
137987 137353
138262 157611
138561 156853
138779 139870
138935 139839
139162 138961
139203 139428
140294 156131
140504 155668
140634 140548
140636 155430
141347 141261
141698 141202
142709 142244
142755 142018
143124 143212
143233 144045
143440 143845
143724 143600
144127 146645
144202 146552
144307 145313
144669 145308
144763 145133
145622 145629
145806 146515
146384 145819
146541 145410
146910 144070
147219 153315
147344 152459
147597 149034
147781 147827
147846 148898
147946 148571
148096 148378
148281 148333
148683 147861
148919 147845
149202 147527
149280 152096
149599 149786
149876 151527
150036 151404
150038 151089
150039 150216
150665 151008
151011 150499
151818 151656
151989 149480
152068 149343
152378 147349
152890 147289
153035 153299
153480 147085
153496 154554
153886 153542
154306 153910
154462 153535
154556 143109
154832 154645
154923 142904
154941 142797
154981 141149
155226 140928
155395 140868
155610 155435
155893 156092
156219 140075
156256 139998
156342 139990
156352 138673
156486 138574
156593 156518
157023 156949
157213 138398
157457 138269
157619 136718
158115 157839
158191 136418
158486 133336
158619 159132
158654 158759
159276 133142
159347 131517
159412 166405
159808 159673
159901 165197
159913 165186
159939 164938
160101 164575
160206 163945
160378 160232
160630 163699
160687 162982
161390 162044
161917 161521
162203 161350
162295 160879
162482 160816
162644 162830
163224 163426
163647 160673
164067 160201
164241 164074
164326 160130
164476 164346
165353 159819
165593 159636
165653 166052
165782 165763
165805 165816
166185 159548
166849 103638
167249 103393
167323 74131
167570 73995
167863 73624
168352 167896
168905 168373
168957 72252
169003 72230
169206 71889
169388 71850
169451 69355
169647 169668
169718 169557
169745 69301
169768 69248
170057 31613
170117 31525
170219 172521
170382 172272
171352 171770
171675 171590
171754 171474
171796 170730
172104 170511
172176 172145
172988 170146
173143 173538
173246 173392
173555 31298
173607 31275
173746 174614
174183 174107
174309 173918
174633 174864
175175 30872
175324 30809
175446 30734
175465 29754
175565 176000
175970 175908
176008 26230
176179 176403
176474 176021
176478 25940
176491 25605
177114 178151
177250 178094
177667 177686
177773 177585
177796 177937
178007 177300
178601 178271
178690 176721
179043 24420
179454 22440
179560 22310
179606 18401
