753
89 17974
221 7699
231 6123
294 428
516 1363
871 943
957 1068
1426 6121
1526 6054
1567 6041
1685 5732
1713 2896
1833 2839
2038 2708
2139 2578
2917 3147
3199 3210
3424 5666
3563 5642
3674 5580
3762 5576
4106 5544
4354 4459
4491 5421
4523 4760
4972 5190
6130 7192
6206 6434
6474 6867
6528 6853
7560 7662
7733 17897
7751 17760
7775 9907
7868 9856
7920 9804
8072 8951
8128 8532
8152 8221
8381 8491
8777 8933
9163 9520
9941 17752
9952 17658
9978 17159
10089 17052
10243 16854
10250 10961
10523 10592
10656 10849
11012 16815
11104 12157
11131 11184
11450 12130
11502 11884
11543 11633
12206 12240
12289 16782
12386 16580
12519 16522
12544 14457
12678 13937
12698 13020
13285 13320
13404 13419
13460 13644
13863 13932
13967 14278
14349 14362
14711 16465
14751 16234
14774 16220
14784 14993
15103 15130
15194 16165
15253 15550
15301 15488
16591 16683
17185 17329
17396 17493
18063 179804
18164 18252
18272 179681
18401 179606
18413 18806
18959 179593
19046 22183
19312 22046
19341 21916
19488 21838
19514 19575
19593 21764
19599 19946
20198 21123
20227 20247
20308 20951
20437 20870
21153 21191
21197 21498
22310 179560
22422 179552
22440 179454
22454 22723
22726 24268
22824 23801
22935 23761
22981 23324
22988 23256
23545 23735
23626 23666
23873 24104
24395 179417
24420 179043
24432 178821
24438 178809
24517 25139
24585 24862
25236 176645
25272 176604
25342 176555
25484 25536
25605 176491
25622 25699
25940 176478
26230 176008
26266 26271
26374 26677
26768 175540
26814 29655
26845 29648
26927 28854
27082 27524
27214 27519
27564 28270
27586 28179
27673 27715
27897 28098
28910 29291
29301 29503
29754 175465
29768 30577
29839 30530
30010 30345
30734 175446
30791 30792
30809 175324
30872 175175
31047 31131
31143 31192
31269 173683
31275 173607
31298 173555
31478 173029
31525 170117
31613 170057
31637 31701
31784 32018
31837 31946
32020 169945
32067 169828
32148 69055
32277 69049
32519 68948
32622 68395
32645 32964
32687 32703
32974 33517
33092 33415
33166 33350
33734 68291
33807 68132
33847 66659
33869 65787
33956 34102
34207 34735
34795 65778
34946 37424
34959 37346
35137 37115
35195 35603
35236 35454
35606 36973
35625 35747
36050 36595
36376 36477
36724 36799
37430 65769
37497 65499
37536 65456
37630 62098
37674 61576
37694 61527
37742 39902
37747 39637
37831 39159
37981 39097
38121 39036
38171 38241
38259 38481
38648 38881
40078 61481
40156 61321
40272 61185
40368 61160
40380 60350
40389 59717
40487 40863
41010 59684
41022 59468
41052 44566
41170 44510
41232 44509
41292 41528
41537 42454
42091 42383
42555 44292
42749 43019
43051 44055
43218 43686
43352 43682
43375 43538
43766 43821
44587 59378
44716 45007
45050 59265
45183 59219
45199 58549
45311 58453
45320 57662
45425 56517
45541 56499
45548 56359
45558 45742
45791 46660
45805 46082
46147 46525
46376 46490
46682 46809
46897 56282
46949 56206
46991 47200
47278 55905
47341 55808
47623 47664
47775 55645
47842 55582
48178 55306
48202 54499
48332 54419
48471 53971
48478 50777
48644 50731
48761 48809
49026 50239
49134 50102
49288 50061
49467 49610
50468 50603
50826 53965
51104 53917
51106 53778
51287 53773
51383 51388
51413 51928
51542 51624
51797 51802
52039 53652
52146 53459
52193 52194
52245 52721
52287 52415
52564 52623
52808 53210
54525 54957
54535 54712
55162 55202
55841 55891
55986 56118
56536 56946
56551 56726
57740 58004
57769 57963
58008 58397
58579 58621
58880 59031
59473 59529
59742 60066
60218 60224
60409 60911
60415 60417
62210 65132
62307 63768
62335 63639
62418 62445
62537 63241
62639 62754
63774 65039
63896 64842
63995 64628
64167 64501
64867 65022
65811 66025
66095 66579
66289 66419
66720 67820
66722 67710
66815 66985
67195 67615
67205 67603
67833 68087
68216 68252
68406 68578
69248 169768
69301 169745
69355 169451
69419 169419
69459 71728
69550 71652
69710 71553
69999 71381
70032 70831
70620 70630
70850 71363
70873 71303
71850 169388
71889 169206
72041 169079
72107 72211
72230 169003
72252 168957
72451 73558
72727 73451
72761 73200
72768 73063
73562 73569
73607 168949
73624 167863
73852 167825
73950 167816
73978 167616
73995 167570
74131 167323
74195 167316
74204 103336
74226 80072
74458 80069
74687 80053
74688 74716
74769 78456
74808 77783
74824 77773
74866 74987
75430 75512
75535 77771
75605 77589
75823 77199
75890 77196
76078 76362
76473 76629
76641 77121
77271 77299
78036 78260
78681 78822
78920 79738
78944 79581
80131 80458
80524 103293
80596 103239
80649 103164
80700 102515
80702 102507
81046 102351
81052 102338
81085 102306
81361 102081
81412 81773
81530 81636
81966 102061
81992 82122
82180 95859
82236 95537
82238 95396
82240 82432
82582 95384
82966 94704
83016 94658
83127 93639
83139 93339
83173 92940
83361 92804
83420 92645
83526 92596
83600 92556
83769 92529
83997 92497
84024 92491
84158 92386
84187 90499
84221 84408
84519 90438
84713 90415
84988 90349
85001 85467
85197 85285
85469 90013
85502 85520
85712 89879
85853 88815
85867 87725
85938 87543
86036 86945
86294 86802
86816 86881
87009 87532
87010 87308
87969 88786
87988 88778
88080 88153
88259 88773
88309 88370
88497 88767
88990 89858
89114 89834
89330 89628
89393 89406
89692 89791
90680 92369
90746 91445
91497 92166
91741 92034
92983 93178
93009 93095
93361 93552
93382 93492
93651 94429
93877 93900
94854 95317
94880 95303
95882 101994
95981 101941
96013 101876
96069 101687
96110 101516
96151 101252
96282 99067
96316 96699
96348 96552
96755 98985
96778 97014
97015 98215
97200 98030
97336 97352
97480 97614
97754 98013
98537 98722
98746 98966
99346 99416
99444 99852
99860 101205
99920 101141
99926 101040
100039 100426
100489 100936
100578 100719
101014 101023
102736 102832
103393 167249
103566 167214
103638 166849
103767 166706
103785 130935
103867 130870
103901 103903
104008 104081
104203 130775
104246 128609
104273 128465
104421 128272
104555 105605
104586 105488
104619 105403
104763 104997
105137 105401
105494 105516
105702 128182
105802 127970
105941 127833
106142 127435
106356 127317
106358 127291
106456 106496
106502 118128
106534 118019
106817 117773
106926 117751
106937 113713
106955 113166
107011 113072
107082 113032
107162 112628
107244 107313
107394 110948
107577 110812
107740 110793
107917 110709
108028 108029
108110 108193
108220 110686
108469 110590
108475 110213
108574 108939
109109 110204
109137 109499
109513 110173
109708 109983
111075 112450
111155 112178
111237 112130
111278 111651
111391 111596
112021 112103
112338 112444
113828 117723
113961 117684
114175 116628
114215 116055
114356 116022
114379 115928
114399 115218
114672 115037
115402 115705
115439 115486
116271 116530
116873 117506
116908 117034
117170 117450
118183 118731
118745 127204
118816 127161
118833 126839
118938 126719
118955 126543
118966 119495
118992 119243
119743 126537
119871 126429
119910 126325
119953 126155
120039 120655
120176 120630
120185 120577
120198 120488
120772 126110
120958 125558
121078 125475
121206 123459
121230 123415
121279 121360
121539 121944
122002 123179
122067 122153
122161 123161
122897 123132
123213 123238
123653 125378
123684 124855
123758 124255
124547 124761
125600 126042
125928 126003
126901 127124
127341 127404
128673 130738
128766 129015
129086 129155
129180 130709
129250 130569
129483 130440
129734 129933
129736 129902
129974 130071
130283 130419
131070 166685
131186 166625
131260 166616
131315 166470
131328 131411
131517 159347
131547 131837
131842 132926
131957 132754
133142 159276
133223 159232
133293 158503
133336 158486
133339 158434
133429 134074
133513 134041
134104 134179
134267 136118
134660 135945
134784 134852
134925 135841
134948 134956
135250 135824
135324 135503
136418 158191
136482 136573
136682 158120
136718 157619
136874 157614
136924 137998
137075 137202
137353 137987
137375 137802
138262 157611
138269 157457
138398 157213
138561 156853
138574 156486
138673 156352
138779 139870
138935 139839
138961 139162
139203 139428
139990 156342
139998 156256
140075 156219
140294 156131
140504 155668
140548 140634
140636 155430
140868 155395
140928 155226
141149 154981
141202 141698
141261 141347
142018 142755
142244 142709
142797 154941
142904 154923
143109 154556
143124 143212
143233 144045
143440 143845
143600 143724
144070 146910
144127 146645
144202 146552
144307 145313
144669 145308
144763 145133
145410 146541
145622 145629
145806 146515
145819 146384
147085 153480
147219 153315
147289 152890
147344 152459
147349 152378
147527 149202
147597 149034
147781 147827
147845 148919
147846 148898
147861 148683
147946 148571
148096 148378
148281 148333
149280 152096
149343 152068
149480 151989
149599 149786
149876 151527
150036 151404
150038 151089
150039 150216
150499 151011
150665 151008
151656 151818
153035 153299
153496 154554
153535 154462
153542 153886
153910 154306
154645 154832
155435 155610
155893 156092
156518 156593
156949 157023
157839 158115
158619 159132
158654 158759
159412 166405
159548 166185
159636 165593
159673 159808
159819 165353
159901 165197
159913 165186
159939 164938
160101 164575
160130 164326
160201 164067
160206 163945
160232 160378
160630 163699
160673 163647
160687 162982
160816 162482
160879 162295
161350 162203
161390 162044
161521 161917
162644 162830
163224 163426
164074 164241
164346 164476
165653 166052
165763 165782
165805 165816
167896 168352
168373 168905
169557 169718
169647 169668
170146 172988
170219 172521
170382 172272
170511 172104
170730 171796
171352 171770
171474 171754
171590 171675
172145 172176
173143 173538
173246 173392
173746 174614
173918 174309
174107 174183
174633 174864
175565 176000
175908 175970
176021 176474
176179 176403
176721 178690
177114 178151
177250 178094
177300 178007
177585 177773
177667 177686
177796 177937
178271 178601
