499
190 61
319 78500
505 448
715 395
761 22960
787 22949
796 22924
861 19101
909 19027
931 19010
960 18232
1048 18224
1146 18033
1233 17849
1244 4195
1257 3426
1596 2311
1667 2305
1986 1977
2064 2217
2231 2017
2460 1431
2486 3366
2568 3214
2987 2584
3610 3988
3927 3935
4105 4073
4140 3495
4705 4710
4862 4971
4891 4936
4980 4490
4983 5074
5119 4235
5136 14124
5156 13834
5355 13577
5561 9767
5648 5613
5678 7233
5731 7229
5937 6992
5963 5994
6113 6987
6144 6958
6259 6384
6390 6519
6999 5825
7260 5564
7539 7385
7558 7322
7578 9576
7690 9536
7706 8817
7901 8738
8143 7990
8229 7945
8237 8328
8345 7922
8436 8491
8923 9476
8984 8938
9030 8996
9031 9360
9166 9057
9393 9364
9625 7273
9687 9727
9937 5412
10069 13477
10157 13366
10164 11923
10225 11109
10313 10270
10407 10650
10706 10369
10774 10864
10869 11076
11019 10998
11145 11135
11612 11370
11672 11347
12130 11935
12187 13301
12356 12618
12435 12610
12679 13286
12702 12779
12810 12881
13198 12799
13294 12307
13455 10104
13746 5263
13821 5165
14179 5126
14247 4230
14294 4215
14389 16901
14393 16477
14452 16432
14613 14808
14917 15295
15082 14970
15109 14964
15397 14888
15652 16280
15733 15685
15779 16267
16016 15813
16352 14557
16612 16880
17099 17121
17108 17101
17190 14353
17287 14329
17657 17349
17704 14306
17815 1237
18059 1129
18216 18157
18268 18941
18618 18744
18754 18787
18838 18412
19230 19119
19254 844
19285 807
19688 19522
19861 19350
20060 19873
20179 22681
20562 20589
20810 21437
21226 21374
21481 21736
21540 21636
21934 20740
22256 22034
22412 21997
22443 20506
22454 20499
22692 20078
23066 78387
23082 23099
23773 23371
23798 23245
23871 76864
23961 23958
23978 76839
24150 71079
24274 24173
24352 71026
24489 70958
24912 70699
25049 70609
25199 25302
25313 65504
25349 65479
25507 63115
25565 25775
25751 25604
25856 62928
25871 62010
26170 61937
26494 60629
26916 60086
26992 60070
27095 58958
27183 58931
27568 27324
27937 27297
28088 28026
28147 28132
28202 58558
28453 58554
28807 57920
28961 28929
29159 57740
29398 33885
29402 29585
29677 32464
29693 32385
29707 32297
29812 31496
29969 31043
30306 30317
30433 30620
30507 30495
30636 30235
30719 30154
31009 30062
31080 29813
31572 32269
31609 31833
31734 31724
32011 32148
32158 31963
32684 32612
32838 32498
32903 33221
33344 32874
33361 33586
33628 32480
33818 29597
33890 29318
33958 29264
33982 56758
34239 56288
34281 34290
34515 34302
34609 34278
34611 56248
34649 55755
34860 34931
35075 34938
35099 55525
35206 55521
35242 35215
35429 35499
35537 55465
35581 55462
35585 42890
35711 37088
35887 36958
35899 36142
36376 36221
36430 36748
36709 36500
37076 35863
37106 35660
37164 42836
37189 42790
37296 37732
37398 37692
37469 37409
37473 37601
37810 42498
37932 37827
38066 42434
38102 38114
38253 42417
38363 38300
38407 41146
38578 41127
38641 40693
38760 40679
39133 39038
39207 40469
39360 39333
39559 39887
40246 39993
40282 40257
40359 39966
40435 39532
40491 38980
40819 38623
41085 38607
41177 41360
41473 42335
41568 42012
41864 42002
41963 41977
42162 42153
42389 41159
42618 37215
42674 42737
42947 55444
43151 48658
43154 48571
43216 48510
43548 48110
43831 44362
44078 44171
44175 44321
44344 43982
44473 43677
44492 48086
44658 48078
44747 44700
44792 48054
44823 47932
44835 46855
44929 46111
45187 45088
45545 45618
45642 45937
45858 45783
45890 45930
45979 46005
46027 45385
46062 44990
46153 46616
46538 46528
46762 46619
46817 44886
47048 46882
47183 47553
47714 46867
47719 46862
48333 48203
48358 43466
48681 55113
48872 54972
49154 48891
49509 49945
49580 49688
50016 49486
50083 54178
50199 54141
50203 53590
50536 50591
50599 50492
50646 50215
50666 51694
50785 51335
50911 51189
50931 51003
51248 50897
51400 50760
52035 53423
52216 52807
52235 52493
52477 52260
52496 52557
52618 52599
52868 52122
52883 53126
53019 52990
53148 52064
53174 53219
53367 53254
53427 51903
53531 51837
54074 53730
54094 53631
54144 50151
54289 54720
54305 54612
54355 54452
54609 54528
54723 50035
54903 49311
55084 48834
55234 43080
55283 43014
55552 34672
55771 55926
55895 55859
56297 34158
56574 56444
56638 56330
56793 57694
56973 57423
57506 56952
57636 56931
57651 56832
57703 29244
57774 29132
57829 28923
58257 58322
58335 28646
58441 58357
58502 28566
58656 28024
58833 27938
58912 27245
58981 58962
59150 59238
59498 59065
59665 27008
59841 59783
60105 26570
60174 26550
60203 60195
60278 26542
60600 60438
60663 61268
61043 61076
61164 60848
61470 61465
61475 60647
61479 26467
61505 61696
61726 26265
61918 26202
61920 26179
62478 62089
62499 62029
62892 62714
62914 62547
63190 25504
63309 65470
63484 63667
63675 64283
64277 63940
64352 64336
64412 63435
64445 63419
64585 65058
64733 64623
65041 64779
65148 65258
65340 65099
65462 63317
65471 25408
65671 69748
65965 67923
65995 67835
66018 67829
66182 66032
66343 67804
66584 67257
66628 66594
66675 67240
66939 66701
67263 66399
67349 67744
67935 65674
68017 69743
68024 68423
68400 68256
68402 68227
68454 68464
68474 69591
68525 69531
68693 69392
68744 68898
68794 68793
69311 68956
69758 65601
69883 69837
69949 25136
70013 70504
70215 70424
70562 69988
70661 24952
70827 24872
70911 24824
70918 24546
71084 24131
71182 76816
71497 71578
71937 71711
72007 71448
72059 72127
72142 71434
72185 71387
72274 71283
72400 71200
72466 76705
72548 76654
73126 72673
73226 73769
73309 73692
73660 73445
73913 75715
74269 75402
74494 74807
74794 74716
75007 75198
75168 75180
75289 74870
75385 74420
75452 74031
75604 74002
75719 73896
75803 76044
75968 75909
76129 73194
76153 73164
76208 76336
76568 73133
76606 72643
76734 72441
76825 24007
76890 23852
76948 78066
77127 77300
77274 77155
77312 78042
77347 77371
77523 77643
77783 77329
78063 77031
78068 78126
78138 78312
78353 23833
78438 23063
78456 22997
78654 79968
78878 79807
79011 79055
79163 79197
79279 79278
79362 78921
79702 79418
79811 79869
79945 78682
