499
61 190
319 78500
395 715
448 505
761 22960
787 22949
796 22924
807 19285
844 19254
861 19101
909 19027
931 19010
960 18232
1048 18224
1129 18059
1146 18033
1233 17849
1237 17815
1244 4195
1257 3426
1431 2460
1596 2311
1667 2305
1977 1986
2017 2231
2064 2217
2486 3366
2568 3214
2584 2987
3495 4140
3610 3988
3927 3935
4073 4105
4215 14294
4230 14247
4235 5119
4490 4980
4705 4710
4862 4971
4891 4936
4983 5074
5126 14179
5136 14124
5156 13834
5165 13821
5263 13746
5355 13577
5412 9937
5561 9767
5564 7260
5613 5648
5678 7233
5731 7229
5825 6999
5937 6992
5963 5994
6113 6987
6144 6958
6259 6384
6390 6519
7273 9625
7322 7558
7385 7539
7578 9576
7690 9536
7706 8817
7901 8738
7922 8345
7945 8229
7990 8143
8237 8328
8436 8491
8923 9476
8938 8984
8996 9030
9031 9360
9057 9166
9364 9393
9687 9727
10069 13477
10104 13455
10157 13366
10164 11923
10225 11109
10270 10313
10369 10706
10407 10650
10774 10864
10869 11076
10998 11019
11135 11145
11347 11672
11370 11612
11935 12130
12187 13301
12307 13294
12356 12618
12435 12610
12679 13286
12702 12779
12799 13198
12810 12881
14306 17704
14329 17287
14353 17190
14389 16901
14393 16477
14452 16432
14557 16352
14613 14808
14888 15397
14917 15295
14964 15109
14970 15082
15652 16280
15685 15733
15779 16267
15813 16016
16612 16880
17099 17121
17101 17108
17349 17657
18157 18216
18268 18941
18412 18838
18618 18744
18754 18787
19119 19230
19350 19861
19522 19688
19873 20060
20078 22692
20179 22681
20499 22454
20506 22443
20562 20589
20740 21934
20810 21437
21226 21374
21481 21736
21540 21636
21997 22412
22034 22256
22997 78456
23063 78438
23066 78387
23082 23099
23245 23798
23371 23773
23833 78353
23852 76890
23871 76864
23958 23961
23978 76839
24007 76825
24131 71084
24150 71079
24173 24274
24352 71026
24489 70958
24546 70918
24824 70911
24872 70827
24912 70699
24952 70661
25049 70609
25136 69949
25199 25302
25313 65504
25349 65479
25408 65471
25504 63190
25507 63115
25565 25775
25604 25751
25856 62928
25871 62010
26170 61937
26179 61920
26202 61918
26265 61726
26467 61479
26494 60629
26542 60278
26550 60174
26570 60105
26916 60086
26992 60070
27008 59665
27095 58958
27183 58931
27245 58912
27297 27937
27324 27568
27938 58833
28024 58656
28026 28088
28132 28147
28202 58558
28453 58554
28566 58502
28646 58335
28807 57920
28923 57829
28929 28961
29132 57774
29159 57740
29244 57703
29264 33958
29318 33890
29398 33885
29402 29585
29597 33818
29677 32464
29693 32385
29707 32297
29812 31496
29813 31080
29969 31043
30062 31009
30154 30719
30235 30636
30306 30317
30433 30620
30495 30507
31572 32269
31609 31833
31724 31734
31963 32158
32011 32148
32480 33628
32498 32838
32612 32684
32874 33344
32903 33221
33361 33586
33982 56758
34158 56297
34239 56288
34278 34609
34281 34290
34302 34515
34611 56248
34649 55755
34672 55552
34860 34931
34938 35075
35099 55525
35206 55521
35215 35242
35429 35499
35537 55465
35581 55462
35585 42890
35660 37106
35711 37088
35863 37076
35887 36958
35899 36142
36221 36376
36430 36748
36500 36709
37164 42836
37189 42790
37215 42618
37296 37732
37398 37692
37409 37469
37473 37601
37810 42498
37827 37932
38066 42434
38102 38114
38253 42417
38300 38363
38407 41146
38578 41127
38607 41085
38623 40819
38641 40693
38760 40679
38980 40491
39038 39133
39207 40469
39333 39360
39532 40435
39559 39887
39966 40359
39993 40246
40257 40282
41159 42389
41177 41360
41473 42335
41568 42012
41864 42002
41963 41977
42153 42162
42674 42737
42947 55444
43014 55283
43080 55234
43151 48658
43154 48571
43216 48510
43466 48358
43548 48110
43677 44473
43831 44362
43982 44344
44078 44171
44175 44321
44492 48086
44658 48078
44700 44747
44792 48054
44823 47932
44835 46855
44886 46817
44929 46111
44990 46062
45088 45187
45385 46027
45545 45618
45642 45937
45783 45858
45890 45930
45979 46005
46153 46616
46528 46538
46619 46762
46862 47719
46867 47714
46882 47048
47183 47553
48203 48333
48681 55113
48834 55084
48872 54972
48891 49154
49311 54903
49486 50016
49509 49945
49580 49688
50035 54723
50083 54178
50151 54144
50199 54141
50203 53590
50215 50646
50492 50599
50536 50591
50666 51694
50760 51400
50785 51335
50897 51248
50911 51189
50931 51003
51837 53531
51903 53427
52035 53423
52064 53148
52122 52868
52216 52807
52235 52493
52260 52477
52496 52557
52599 52618
52883 53126
52990 53019
53174 53219
53254 53367
53631 54094
53730 54074
54289 54720
54305 54612
54355 54452
54528 54609
55771 55926
55859 55895
56330 56638
56444 56574
56793 57694
56832 57651
56931 57636
56952 57506
56973 57423
58257 58322
58357 58441
58962 58981
59065 59498
59150 59238
59783 59841
60195 60203
60438 60600
60647 61475
60663 61268
60848 61164
61043 61076
61465 61470
61505 61696
62029 62499
62089 62478
62547 62914
62714 62892
63309 65470
63317 65462
63419 64445
63435 64412
63484 63667
63675 64283
63940 64277
64336 64352
64585 65058
64623 64733
64779 65041
65099 65340
65148 65258
65601 69758
65671 69748
65674 67935
65965 67923
65995 67835
66018 67829
66032 66182
66343 67804
66399 67263
66584 67257
66594 66628
66675 67240
66701 66939
67349 67744
68017 69743
68024 68423
68227 68402
68256 68400
68454 68464
68474 69591
68525 69531
68693 69392
68744 68898
68793 68794
68956 69311
69837 69883
69988 70562
70013 70504
70215 70424
71182 76816
71200 72400
71283 72274
71387 72185
71434 72142
71448 72007
71497 71578
71711 71937
72059 72127
72441 76734
72466 76705
72548 76654
72643 76606
72673 73126
73133 76568
73164 76153
73194 76129
73226 73769
73309 73692
73445 73660
73896 75719
73913 75715
74002 75604
74031 75452
74269 75402
74420 75385
74494 74807
74716 74794
74870 75289
75007 75198
75168 75180
75803 76044
75909 75968
76208 76336
76948 78066
77031 78063
77127 77300
77155 77274
77312 78042
77329 77783
77347 77371
77523 77643
78068 78126
78138 78312
78654 79968
78682 79945
78878 79807
78921 79362
79011 79055
79163 79197
79278 79279
79418 79702
79811 79869
